mode: set
project3/group3/feature/users/usecase/logic.go:21.72,26.2 1 1
project3/group3/feature/users/usecase/logic.go:28.74,29.96 1 1
project3/group3/feature/users/usecase/logic.go:32.2,33.17 2 1
project3/group3/feature/users/usecase/logic.go:29.96,31.3 1 1
project3/group3/feature/users/usecase/logic.go:36.88,39.2 2 0
project3/group3/feature/users/usecase/logic.go:41.64,44.16 2 1
project3/group3/feature/users/usecase/logic.go:53.2,53.18 1 1
project3/group3/feature/users/usecase/logic.go:44.16,46.36 2 1
project3/group3/feature/users/usecase/logic.go:46.36,48.4 1 0
project3/group3/feature/users/usecase/logic.go:48.9,50.4 1 1
project3/group3/feature/users/usecase/logic.go:56.68,59.2 2 1
project3/group3/feature/users/usecase/logic.go:61.92,63.22 2 1
project3/group3/feature/users/usecase/logic.go:66.2,66.23 1 1
project3/group3/feature/users/usecase/logic.go:69.2,69.23 1 1
project3/group3/feature/users/usecase/logic.go:72.2,72.26 1 1
project3/group3/feature/users/usecase/logic.go:79.2,80.17 2 1
project3/group3/feature/users/usecase/logic.go:63.22,65.3 1 1
project3/group3/feature/users/usecase/logic.go:66.23,68.3 1 1
project3/group3/feature/users/usecase/logic.go:69.23,71.3 1 1
project3/group3/feature/users/usecase/logic.go:72.26,74.23 2 1
project3/group3/feature/users/usecase/logic.go:77.3,77.47 1 1
project3/group3/feature/users/usecase/logic.go:74.23,76.4 1 0
